<?xml version="1.0" encoding="UTF-8"?>
<!-- Generated by org.testng.reporters.JUnitReportReporter -->
<testsuite hostname="DESKTOP-P10CPDF" failures="0" tests="4" name="calculator" time="19.610" errors="0" timestamp="2021-06-15T20:11:59 IST" skipped="0">
  <testcase classname="calculator" name="test1" time="4.861"/>
  <system-out/>
  <testcase classname="calculator" name="test0" time="4.886"/>
  <system-out/>
  <testcase classname="calculator" name="test2" time="4.906"/>
  <system-out/>
  <testcase classname="calculator" name="test" time="4.957"/>
  <system-out/>
</testsuite> <!-- calculator -->
